<?xml version="1.0" encoding="UTF-8"?>
<testsuites name="MPDX In-n-out" time="37" tests="2" failures="0" errors="0">
   <testsuite name="MPDX In-n-out" tests="2" failures="0" errors="0" time="37" timestamp="2018-09-14 11:41:53" hostname="bob.buford - 10.12.70.3" id="Test Suites/MPDX In-n-out">
      <properties>
         <property name="deviceName" value=""/>
         <property name="devicePlatform" value=""/>
         <property name="logFolder" value="/Users/bob.buford/Data/mpdx/mpdxqa/mpdx-webui/Reports/MPDX In-n-out/20180914_114151"/>
         <property name="logFiles" value="/Users/bob.buford/Data/mpdx/mpdxqa/mpdx-webui/Reports/MPDX In-n-out/20180914_114151/execution0.log"/>
         <property name="attachments" value=""/>
         <property name="hostName" value="bob.buford - 10.12.70.3"/>
         <property name="os" value="Mac OS X 64bit"/>
         <property name="katalonVersion" value="5.7.0.1"/>
         <property name="browser" value="Chrome 69.0.3497.92"/>
         <property name="hostAddress" value="10.12.70.3"/>
         <property name="sessionId" value="53ac920ba3f696b3575c8966d29e7f32"/>
         <property name="seleniumVersion" value="3.7.1"/>
         <property name="proxyInformation" value="ProxyInformation{proxyOption=NO_PROXY, proxyServerType=HTTP, password=, proxyServerAddress=, proxyServerPort=0}"/>
         <property name="platform" value="Mac OS X"/>
      </properties>
      <testcase name="Test Cases/MPDX-login" classname="Test Cases/MPDX-login" status="PASSED">
         <system-out><![CDATA[2018-09-14 11:41:53 - [TEST_CASE][PASSED] - Test Cases/MPDX-login: Test Cases/MPDX-login

2018-09-14 11:41:54 - [TEST_STEP][PASSED] - openBrowser: Browser is opened with url: ''

2018-09-14 11:41:57 - [MESSAGE][PASSED] - Browser is opened with url: ''

2018-09-14 11:41:57 - [TEST_STEP][PASSED] - navigateToUrl: Navigate to 'https://stage.mpdx.org/' successfully

2018-09-14 11:42:01 - [MESSAGE][PASSED] - Navigate to 'https://stage.mpdx.org/' successfully

2018-09-14 11:42:01 - [TEST_STEP][PASSED] - click: Object: 'Object Repository/Page_MPDX  Login/a_Log into Relay' is clicked on

2018-09-14 11:42:03 - [MESSAGE][PASSED] - Object: 'Object Repository/Page_MPDX  Login/a_Log into Relay' is clicked on

2018-09-14 11:42:03 - [TEST_STEP][PASSED] - setText: Text 'test@test.com' is set on object 'Object Repository/Page_Relay  Sign In/input_Email_username'

2018-09-14 11:42:08 - [MESSAGE][PASSED] - Text 'test@test.com' is set on object 'Object Repository/Page_Relay  Sign In/input_Email_username'

2018-09-14 11:42:08 - [TEST_STEP][PASSED] - setEncryptedText: Text ****** has been set on object 'Object Repository/Page_Relay  Sign In/input_Password_password'

2018-09-14 11:42:11 - [MESSAGE][PASSED] - Text ****** has been set on object 'Object Repository/Page_Relay  Sign In/input_Password_password'

2018-09-14 11:42:11 - [TEST_STEP][PASSED] - click: Object: 'Object Repository/Page_Relay  Sign In/button_Sign In' is clicked on

2018-09-14 11:42:14 - [MESSAGE][PASSED] - Object: 'Object Repository/Page_Relay  Sign In/button_Sign In' is clicked on]]></system-out>
         <system-err><![CDATA[]]></system-err>
      </testcase>
      <testcase name="Test Cases/MPDX-logout" classname="Test Cases/MPDX-logout" status="PASSED">
         <system-out><![CDATA[2018-09-14 11:42:16 - [TEST_CASE][PASSED] - Test Cases/MPDX-logout: Test Cases/MPDX-logout

2018-09-14 11:42:16 - [TEST_STEP][PASSED] - click: Object: 'Object Repository/Page_MPDX  Dashboard/a_Dashboard' is clicked on

2018-09-14 11:42:18 - [MESSAGE][PASSED] - Object: 'Object Repository/Page_MPDX  Dashboard/a_Dashboard' is clicked on

2018-09-14 11:42:18 - [TEST_STEP][PASSED] - click: Object: 'Object Repository/Page_MPDX  Dashboard/a_Settings' is clicked on

2018-09-14 11:42:21 - [MESSAGE][PASSED] - Object: 'Object Repository/Page_MPDX  Dashboard/a_Settings' is clicked on

2018-09-14 11:42:21 - [TEST_STEP][PASSED] - waitForElementVisible: Object 'Object Repository/Page_MPDX  Dashboard/a_Log out' is visible

2018-09-14 11:42:23 - [MESSAGE][PASSED] - Object 'Object Repository/Page_MPDX  Dashboard/a_Log out' is visible

2018-09-14 11:42:23 - [TEST_STEP][PASSED] - click: Object: 'Object Repository/Page_MPDX  Dashboard/a_Log out' is clicked on

2018-09-14 11:42:25 - [MESSAGE][PASSED] - Object: 'Object Repository/Page_MPDX  Dashboard/a_Log out' is clicked on

2018-09-14 11:42:25 - [TEST_STEP][PASSED] - waitForElementVisible: Object 'Object Repository/Page_MPDX  Login/a_Log into Relay' is visible

2018-09-14 11:42:27 - [MESSAGE][PASSED] - Object 'Object Repository/Page_MPDX  Login/a_Log into Relay' is visible

2018-09-14 11:42:27 - [TEST_STEP][PASSED] - closeBrowser: Browser is closed

2018-09-14 11:42:28 - [MESSAGE][PASSED] - Browser is closed]]></system-out>
         <system-err><![CDATA[]]></system-err>
      </testcase>
      <system-out><![CDATA[2018-09-14 11:41:53 - [TEST_SUITE][PASSED] - MPDX In-n-out: Test Cases/MPDX-logout]]></system-out>
      <system-err><![CDATA[]]></system-err>
   </testsuite>
</testsuites>
