<?xml version="1.0" encoding="UTF-8"?>
<testsuites name="MPDX In-n-out" time="57" tests="3" failures="0" errors="0">
   <testsuite name="MPDX In-n-out" tests="3" failures="0" errors="0" time="57" timestamp="2018-11-26 16:57:20" hostname="bob.buford - 192.168.2.32" id="Test Suites/MPDX In-n-out">
      <properties>
         <property name="deviceName" value=""/>
         <property name="devicePlatform" value=""/>
         <property name="logFolder" value="/Users/bob.buford/Data/mpdx/mpdx-qa/mpdx-webui/Reports/MPDX In-n-out/20181126_165719"/>
         <property name="logFiles" value="/Users/bob.buford/Data/mpdx/mpdx-qa/mpdx-webui/Reports/MPDX In-n-out/20181126_165719/execution0.log"/>
         <property name="attachments" value=""/>
         <property name="hostName" value="bob.buford - 192.168.2.32"/>
         <property name="os" value="Mac OS X 64bit"/>
         <property name="katalonVersion" value="4.1.0.2"/>
         <property name="browser" value="Chrome 70.0.3538.102"/>
         <property name="hostAddress" value="192.168.2.32"/>
         <property name="sessionId" value="40f6ca9614d723b0e0b170db94a8e3eb"/>
         <property name="seleniumVersion" value="3.7.1"/>
         <property name="proxyInformation" value="ProxyInformation{proxyOption=NO_PROXY, proxyServerType=HTTP, password=, proxyServerAddress=, proxyServerPort=0}"/>
         <property name="platform" value="Mac OS X"/>
      </properties>
      <testcase name="Test Cases/MPDX-login-localhost" classname="Test Cases/MPDX-login-localhost" status="PASSED">
         <system-out><![CDATA[2018-11-26 16:57:21 - [TEST_CASE][PASSED] - Test Cases/MPDX-login-localhost: Test Cases/MPDX-login-localhost

2018-11-26 16:57:22 - [TEST_STEP][PASSED] - openBrowser: Browser is opened with url: ''

2018-11-26 16:57:26 - [MESSAGE][PASSED] - Browser is opened with url: ''

2018-11-26 16:57:26 - [TEST_STEP][PASSED] - navigateToUrl: Navigate to 'http://localhost:8080' successfully

2018-11-26 16:57:29 - [MESSAGE][PASSED] - Navigate to 'http://localhost:8080' successfully

2018-11-26 16:57:29 - [TEST_STEP][PASSED] - click: Object: 'Object Repository/Page_MPDX  Login/a_Log into Relay_localhost' is clicked on

2018-11-26 16:57:34 - [MESSAGE][PASSED] - Object: 'Object Repository/Page_MPDX  Login/a_Log into Relay_localhost' is clicked on

2018-11-26 16:57:34 - [TEST_STEP][PASSED] - setText: Text 'test@test.com' is set on object 'Object Repository/Page_Relay  Sign In/input_Email_username'

2018-11-26 16:57:38 - [MESSAGE][PASSED] - Text 'test@test.com' is set on object 'Object Repository/Page_Relay  Sign In/input_Email_username'

2018-11-26 16:57:38 - [TEST_STEP][PASSED] - setEncryptedText: Text ****** has been set on object 'Object Repository/Page_Relay  Sign In/input_Password_password'

2018-11-26 16:57:41 - [MESSAGE][PASSED] - Text ****** has been set on object 'Object Repository/Page_Relay  Sign In/input_Password_password'

2018-11-26 16:57:41 - [TEST_STEP][PASSED] - click: Object: 'Object Repository/Page_Relay  Sign In/button_Sign In' is clicked on

2018-11-26 16:57:44 - [MESSAGE][PASSED] - Object: 'Object Repository/Page_Relay  Sign In/button_Sign In' is clicked on

2018-11-26 16:57:44 - [TEST_STEP][PASSED] - click: Object: 'Object Repository/Page_Relay  Sign In/button_Authorize' is clicked on

2018-11-26 16:57:48 - [MESSAGE][PASSED] - Object: 'Object Repository/Page_Relay  Sign In/button_Authorize' is clicked on]]></system-out>
         <system-err><![CDATA[]]></system-err>
      </testcase>
      <testcase name="Test Cases/MPDX-dashboard" classname="Test Cases/MPDX-dashboard" status="PASSED">
         <system-out><![CDATA[2018-11-26 16:57:50 - [TEST_CASE][PASSED] - Test Cases/MPDX-dashboard: Test Cases/MPDX-dashboard

2018-11-26 16:57:51 - [TEST_STEP][NOT_RUN] - openBrowser: NOT_RUN: openBrowser

2018-11-26 16:57:51 - [MESSAGE][NOT_RUN] - NOT_RUN: openBrowser

2018-11-26 16:57:51 - [TEST_STEP][NOT_RUN] - navigateToUrl: NOT_RUN: navigateToUrl

2018-11-26 16:57:51 - [MESSAGE][NOT_RUN] - NOT_RUN: navigateToUrl

2018-11-26 16:57:51 - [TEST_STEP][PASSED] - click: Object: 'Object Repository/Page_MPDX  Dashboard/a_Dashboard' is clicked on

2018-11-26 16:57:53 - [MESSAGE][PASSED] - Object: 'Object Repository/Page_MPDX  Dashboard/a_Dashboard' is clicked on

2018-11-26 16:57:53 - [TEST_STEP][PASSED] - click: Object: 'Object Repository/Page_MPDX  Dashboard/a_Contacts' is clicked on

2018-11-26 16:57:55 - [MESSAGE][PASSED] - Object: 'Object Repository/Page_MPDX  Dashboard/a_Contacts' is clicked on

2018-11-26 16:57:55 - [TEST_STEP][PASSED] - click: Object: 'Object Repository/Page_MPDX  Contacts/a_Tasks' is clicked on

2018-11-26 16:57:57 - [MESSAGE][PASSED] - Object: 'Object Repository/Page_MPDX  Contacts/a_Tasks' is clicked on

2018-11-26 16:57:57 - [TEST_STEP][PASSED] - click: Object: 'Object Repository/Page_MPDX  Tasks/a_Reports' is clicked on

2018-11-26 16:57:59 - [MESSAGE][PASSED] - Object: 'Object Repository/Page_MPDX  Tasks/a_Reports' is clicked on

2018-11-26 16:57:59 - [TEST_STEP][PASSED] - click: Object: 'Object Repository/Page_MPDX  Reports - Donations/a_Tools' is clicked on

2018-11-26 16:58:01 - [MESSAGE][PASSED] - Object: 'Object Repository/Page_MPDX  Reports - Donations/a_Tools' is clicked on

2018-11-26 16:58:01 - [TEST_STEP][PASSED] - click: Object: 'Object Repository/Page_MPDX  Tools/a_Coaching' is clicked on

2018-11-26 16:58:03 - [MESSAGE][PASSED] - Object: 'Object Repository/Page_MPDX  Tools/a_Coaching' is clicked on

2018-11-26 16:58:03 - [TEST_STEP][NOT_RUN] - click: NOT_RUN: click

2018-11-26 16:58:03 - [MESSAGE][NOT_RUN] - NOT_RUN: click

2018-11-26 16:58:03 - [TEST_STEP][NOT_RUN] - click: NOT_RUN: click

2018-11-26 16:58:03 - [MESSAGE][NOT_RUN] - NOT_RUN: click

2018-11-26 16:58:03 - [TEST_STEP][NOT_RUN] - switchToWindowTitle: NOT_RUN: switchToWindowTitle

2018-11-26 16:58:03 - [MESSAGE][NOT_RUN] - NOT_RUN: switchToWindowTitle

2018-11-26 16:58:03 - [TEST_STEP][NOT_RUN] - click: NOT_RUN: click

2018-11-26 16:58:03 - [MESSAGE][NOT_RUN] - NOT_RUN: click

2018-11-26 16:58:03 - [TEST_STEP][NOT_RUN] - click: NOT_RUN: click

2018-11-26 16:58:03 - [MESSAGE][NOT_RUN] - NOT_RUN: click

2018-11-26 16:58:03 - [TEST_STEP][NOT_RUN] - switchToWindowTitle: NOT_RUN: switchToWindowTitle

2018-11-26 16:58:03 - [MESSAGE][NOT_RUN] - NOT_RUN: switchToWindowTitle

2018-11-26 16:58:03 - [TEST_STEP][NOT_RUN] - click: NOT_RUN: click

2018-11-26 16:58:03 - [MESSAGE][NOT_RUN] - NOT_RUN: click

2018-11-26 16:58:03 - [TEST_STEP][NOT_RUN] - click: NOT_RUN: click

2018-11-26 16:58:03 - [MESSAGE][NOT_RUN] - NOT_RUN: click

2018-11-26 16:58:03 - [TEST_STEP][NOT_RUN] - click: NOT_RUN: click

2018-11-26 16:58:03 - [MESSAGE][NOT_RUN] - NOT_RUN: click

2018-11-26 16:58:03 - [TEST_STEP][NOT_RUN] - click: NOT_RUN: click

2018-11-26 16:58:03 - [MESSAGE][NOT_RUN] - NOT_RUN: click

2018-11-26 16:58:03 - [TEST_STEP][NOT_RUN] - click: NOT_RUN: click

2018-11-26 16:58:03 - [MESSAGE][NOT_RUN] - NOT_RUN: click

2018-11-26 16:58:03 - [TEST_STEP][NOT_RUN] - click: NOT_RUN: click

2018-11-26 16:58:03 - [MESSAGE][NOT_RUN] - NOT_RUN: click

2018-11-26 16:58:03 - [TEST_STEP][NOT_RUN] - click: NOT_RUN: click

2018-11-26 16:58:03 - [MESSAGE][NOT_RUN] - NOT_RUN: click

2018-11-26 16:58:03 - [TEST_STEP][NOT_RUN] - click: NOT_RUN: click

2018-11-26 16:58:03 - [MESSAGE][NOT_RUN] - NOT_RUN: click

2018-11-26 16:58:03 - [TEST_STEP][NOT_RUN] - click: NOT_RUN: click

2018-11-26 16:58:03 - [MESSAGE][NOT_RUN] - NOT_RUN: click

2018-11-26 16:58:03 - [TEST_STEP][NOT_RUN] - click: NOT_RUN: click

2018-11-26 16:58:03 - [MESSAGE][NOT_RUN] - NOT_RUN: click

2018-11-26 16:58:03 - [TEST_STEP][NOT_RUN] - click: NOT_RUN: click

2018-11-26 16:58:03 - [MESSAGE][NOT_RUN] - NOT_RUN: click

2018-11-26 16:58:03 - [TEST_STEP][NOT_RUN] - click: NOT_RUN: click

2018-11-26 16:58:03 - [MESSAGE][NOT_RUN] - NOT_RUN: click

2018-11-26 16:58:03 - [TEST_STEP][NOT_RUN] - click: NOT_RUN: click

2018-11-26 16:58:03 - [MESSAGE][NOT_RUN] - NOT_RUN: click

2018-11-26 16:58:03 - [TEST_STEP][NOT_RUN] - setText: NOT_RUN: setText

2018-11-26 16:58:03 - [MESSAGE][NOT_RUN] - NOT_RUN: setText

2018-11-26 16:58:03 - [TEST_STEP][NOT_RUN] - click: NOT_RUN: click

2018-11-26 16:58:03 - [MESSAGE][NOT_RUN] - NOT_RUN: click

2018-11-26 16:58:03 - [TEST_STEP][NOT_RUN] - click: NOT_RUN: click

2018-11-26 16:58:03 - [MESSAGE][NOT_RUN] - NOT_RUN: click

2018-11-26 16:58:03 - [TEST_STEP][NOT_RUN] - click: NOT_RUN: click

2018-11-26 16:58:03 - [MESSAGE][NOT_RUN] - NOT_RUN: click

2018-11-26 16:58:03 - [TEST_STEP][NOT_RUN] - setText: NOT_RUN: setText

2018-11-26 16:58:03 - [MESSAGE][NOT_RUN] - NOT_RUN: setText

2018-11-26 16:58:03 - [TEST_STEP][NOT_RUN] - click: NOT_RUN: click

2018-11-26 16:58:03 - [MESSAGE][NOT_RUN] - NOT_RUN: click

2018-11-26 16:58:03 - [TEST_STEP][NOT_RUN] - setText: NOT_RUN: setText

2018-11-26 16:58:03 - [MESSAGE][NOT_RUN] - NOT_RUN: setText

2018-11-26 16:58:03 - [TEST_STEP][NOT_RUN] - click: NOT_RUN: click

2018-11-26 16:58:03 - [MESSAGE][NOT_RUN] - NOT_RUN: click

2018-11-26 16:58:03 - [TEST_STEP][NOT_RUN] - click: NOT_RUN: click

2018-11-26 16:58:03 - [MESSAGE][NOT_RUN] - NOT_RUN: click

2018-11-26 16:58:03 - [TEST_STEP][NOT_RUN] - click: NOT_RUN: click

2018-11-26 16:58:03 - [MESSAGE][NOT_RUN] - NOT_RUN: click

2018-11-26 16:58:03 - [TEST_STEP][NOT_RUN] - click: NOT_RUN: click

2018-11-26 16:58:03 - [MESSAGE][NOT_RUN] - NOT_RUN: click

2018-11-26 16:58:03 - [TEST_STEP][NOT_RUN] - click: NOT_RUN: click

2018-11-26 16:58:03 - [MESSAGE][NOT_RUN] - NOT_RUN: click

2018-11-26 16:58:03 - [TEST_STEP][NOT_RUN] - setText: NOT_RUN: setText

2018-11-26 16:58:03 - [MESSAGE][NOT_RUN] - NOT_RUN: setText

2018-11-26 16:58:03 - [TEST_STEP][NOT_RUN] - click: NOT_RUN: click

2018-11-26 16:58:03 - [MESSAGE][NOT_RUN] - NOT_RUN: click

2018-11-26 16:58:03 - [TEST_STEP][NOT_RUN] - click: NOT_RUN: click

2018-11-26 16:58:03 - [MESSAGE][NOT_RUN] - NOT_RUN: click

2018-11-26 16:58:03 - [TEST_STEP][NOT_RUN] - setText: NOT_RUN: setText

2018-11-26 16:58:03 - [MESSAGE][NOT_RUN] - NOT_RUN: setText

2018-11-26 16:58:03 - [TEST_STEP][NOT_RUN] - click: NOT_RUN: click

2018-11-26 16:58:03 - [MESSAGE][NOT_RUN] - NOT_RUN: click

2018-11-26 16:58:03 - [TEST_STEP][NOT_RUN] - setText: NOT_RUN: setText

2018-11-26 16:58:03 - [MESSAGE][NOT_RUN] - NOT_RUN: setText

2018-11-26 16:58:03 - [TEST_STEP][NOT_RUN] - setText: NOT_RUN: setText

2018-11-26 16:58:03 - [MESSAGE][NOT_RUN] - NOT_RUN: setText

2018-11-26 16:58:03 - [TEST_STEP][NOT_RUN] - setText: NOT_RUN: setText

2018-11-26 16:58:03 - [MESSAGE][NOT_RUN] - NOT_RUN: setText

2018-11-26 16:58:03 - [TEST_STEP][NOT_RUN] - click: NOT_RUN: click

2018-11-26 16:58:03 - [MESSAGE][NOT_RUN] - NOT_RUN: click

2018-11-26 16:58:03 - [TEST_STEP][NOT_RUN] - click: NOT_RUN: click

2018-11-26 16:58:03 - [MESSAGE][NOT_RUN] - NOT_RUN: click

2018-11-26 16:58:03 - [TEST_STEP][NOT_RUN] - click: NOT_RUN: click

2018-11-26 16:58:03 - [MESSAGE][NOT_RUN] - NOT_RUN: click

2018-11-26 16:58:03 - [TEST_STEP][NOT_RUN] - click: NOT_RUN: click

2018-11-26 16:58:03 - [MESSAGE][NOT_RUN] - NOT_RUN: click

2018-11-26 16:58:03 - [TEST_STEP][NOT_RUN] - click: NOT_RUN: click

2018-11-26 16:58:03 - [MESSAGE][NOT_RUN] - NOT_RUN: click

2018-11-26 16:58:03 - [TEST_STEP][NOT_RUN] - click: NOT_RUN: click

2018-11-26 16:58:03 - [MESSAGE][NOT_RUN] - NOT_RUN: click

2018-11-26 16:58:03 - [TEST_STEP][NOT_RUN] - click: NOT_RUN: click

2018-11-26 16:58:03 - [MESSAGE][NOT_RUN] - NOT_RUN: click

2018-11-26 16:58:03 - [TEST_STEP][NOT_RUN] - click: NOT_RUN: click

2018-11-26 16:58:03 - [MESSAGE][NOT_RUN] - NOT_RUN: click

2018-11-26 16:58:03 - [TEST_STEP][NOT_RUN] - click: NOT_RUN: click

2018-11-26 16:58:03 - [MESSAGE][NOT_RUN] - NOT_RUN: click

2018-11-26 16:58:03 - [TEST_STEP][NOT_RUN] - click: NOT_RUN: click

2018-11-26 16:58:03 - [MESSAGE][NOT_RUN] - NOT_RUN: click

2018-11-26 16:58:03 - [TEST_STEP][NOT_RUN] - setText: NOT_RUN: setText

2018-11-26 16:58:03 - [MESSAGE][NOT_RUN] - NOT_RUN: setText

2018-11-26 16:58:03 - [TEST_STEP][NOT_RUN] - click: NOT_RUN: click

2018-11-26 16:58:03 - [MESSAGE][NOT_RUN] - NOT_RUN: click

2018-11-26 16:58:03 - [TEST_STEP][NOT_RUN] - click: NOT_RUN: click

2018-11-26 16:58:03 - [MESSAGE][NOT_RUN] - NOT_RUN: click

2018-11-26 16:58:03 - [TEST_STEP][NOT_RUN] - click: NOT_RUN: click

2018-11-26 16:58:03 - [MESSAGE][NOT_RUN] - NOT_RUN: click

2018-11-26 16:58:03 - [TEST_STEP][NOT_RUN] - click: NOT_RUN: click

2018-11-26 16:58:03 - [MESSAGE][NOT_RUN] - NOT_RUN: click

2018-11-26 16:58:03 - [TEST_STEP][NOT_RUN] - click: NOT_RUN: click

2018-11-26 16:58:03 - [MESSAGE][NOT_RUN] - NOT_RUN: click

2018-11-26 16:58:03 - [TEST_STEP][NOT_RUN] - switchToWindowTitle: NOT_RUN: switchToWindowTitle

2018-11-26 16:58:03 - [MESSAGE][NOT_RUN] - NOT_RUN: switchToWindowTitle

2018-11-26 16:58:03 - [TEST_STEP][NOT_RUN] - click: NOT_RUN: click

2018-11-26 16:58:03 - [MESSAGE][NOT_RUN] - NOT_RUN: click

2018-11-26 16:58:03 - [TEST_STEP][NOT_RUN] - setText: NOT_RUN: setText

2018-11-26 16:58:03 - [MESSAGE][NOT_RUN] - NOT_RUN: setText

2018-11-26 16:58:03 - [TEST_STEP][NOT_RUN] - setText: NOT_RUN: setText

2018-11-26 16:58:03 - [MESSAGE][NOT_RUN] - NOT_RUN: setText

2018-11-26 16:58:03 - [TEST_STEP][NOT_RUN] - setText: NOT_RUN: setText

2018-11-26 16:58:03 - [MESSAGE][NOT_RUN] - NOT_RUN: setText

2018-11-26 16:58:03 - [TEST_STEP][NOT_RUN] - click: NOT_RUN: click

2018-11-26 16:58:03 - [MESSAGE][NOT_RUN] - NOT_RUN: click]]></system-out>
         <system-err><![CDATA[]]></system-err>
      </testcase>
      <testcase name="Test Cases/MPDX-logout" classname="Test Cases/MPDX-logout" status="PASSED">
         <system-out><![CDATA[2018-11-26 16:58:05 - [TEST_CASE][PASSED] - Test Cases/MPDX-logout: Test Cases/MPDX-logout

2018-11-26 16:58:06 - [TEST_STEP][NOT_RUN] - click: NOT_RUN: click

2018-11-26 16:58:06 - [MESSAGE][NOT_RUN] - NOT_RUN: click

2018-11-26 16:58:06 - [TEST_STEP][PASSED] - click: Object: 'Object Repository/Page_MPDX  Dashboard/a_Settings' is clicked on

2018-11-26 16:58:08 - [MESSAGE][PASSED] - Object: 'Object Repository/Page_MPDX  Dashboard/a_Settings' is clicked on

2018-11-26 16:58:08 - [TEST_STEP][PASSED] - waitForElementVisible: Object 'Object Repository/Page_MPDX  Dashboard/a_Log out' is visible

2018-11-26 16:58:10 - [MESSAGE][PASSED] - Object 'Object Repository/Page_MPDX  Dashboard/a_Log out' is visible

2018-11-26 16:58:10 - [TEST_STEP][PASSED] - click: Object: 'Object Repository/Page_MPDX  Dashboard/a_Log out' is clicked on

2018-11-26 16:58:13 - [MESSAGE][PASSED] - Object: 'Object Repository/Page_MPDX  Dashboard/a_Log out' is clicked on

2018-11-26 16:58:13 - [TEST_STEP][PASSED] - waitForElementVisible: Object 'Object Repository/Page_MPDX  Login/a_Log into Relay' is visible

2018-11-26 16:58:15 - [MESSAGE][PASSED] - Object 'Object Repository/Page_MPDX  Login/a_Log into Relay' is visible

2018-11-26 16:58:15 - [TEST_STEP][PASSED] - closeBrowser: Browser is closed

2018-11-26 16:58:16 - [MESSAGE][PASSED] - Browser is closed]]></system-out>
         <system-err><![CDATA[]]></system-err>
      </testcase>
      <system-out><![CDATA[2018-11-26 16:57:20 - [TEST_SUITE][PASSED] - MPDX In-n-out: Test Cases/MPDX-logout]]></system-out>
      <system-err><![CDATA[]]></system-err>
   </testsuite>
</testsuites>
