<?xml version="1.0" encoding="UTF-8"?>
<testsuites name="MPDx Full Test" time="35" tests="2" failures="0" errors="0">
   <testsuite name="MPDx Full Test" tests="2" failures="0" errors="0" time="35" timestamp="2018-09-18 12:35:22" hostname="bob.buford - 10.12.70.3" id="Test Suites/MPDx Full Test">
      <properties>
         <property name="deviceName" value=""/>
         <property name="devicePlatform" value=""/>
         <property name="logFolder" value="/Users/bob.buford/Data/mpdx/mpdxqa/mpdx-webui/Reports/MPDx Full Test/20180918_123521"/>
         <property name="logFiles" value="/Users/bob.buford/Data/mpdx/mpdxqa/mpdx-webui/Reports/MPDx Full Test/20180918_123521/execution0.log"/>
         <property name="attachments" value=""/>
         <property name="hostName" value="bob.buford - 10.12.70.3"/>
         <property name="os" value="Mac OS X 64bit"/>
         <property name="katalonVersion" value="5.7.1.1"/>
         <property name="browser" value="Chrome 69.0.3497.100"/>
         <property name="hostAddress" value="10.12.70.3"/>
         <property name="sessionId" value="a89ae2cc8825b7e9d7f077c17d693fbd"/>
         <property name="seleniumVersion" value="3.7.1"/>
         <property name="proxyInformation" value="ProxyInformation{proxyOption=NO_PROXY, proxyServerType=HTTP, password=, proxyServerAddress=, proxyServerPort=0}"/>
         <property name="platform" value="Mac OS X"/>
      </properties>
      <testcase name="Test Cases/MPDX-login" classname="Test Cases/MPDX-login" status="PASSED">
         <system-out><![CDATA[2018-09-18 12:35:23 - [TEST_CASE][PASSED] - Test Cases/MPDX-login: Test Cases/MPDX-login

2018-09-18 12:35:23 - [TEST_STEP][PASSED] - openBrowser: Browser is opened with url: ''

2018-09-18 12:35:27 - [MESSAGE][PASSED] - Browser is opened with url: ''

2018-09-18 12:35:27 - [TEST_STEP][PASSED] - navigateToUrl: Navigate to 'https://stage.mpdx.org/' successfully

2018-09-18 12:35:29 - [MESSAGE][PASSED] - Navigate to 'https://stage.mpdx.org/' successfully

2018-09-18 12:35:29 - [TEST_STEP][PASSED] - click: Object: 'Object Repository/Page_MPDX  Login/a_Log into Relay' is clicked on

2018-09-18 12:35:32 - [MESSAGE][PASSED] - Object: 'Object Repository/Page_MPDX  Login/a_Log into Relay' is clicked on

2018-09-18 12:35:32 - [TEST_STEP][PASSED] - setText: Text 'test@test.com' is set on object 'Object Repository/Page_Relay  Sign In/input_Email_username'

2018-09-18 12:35:37 - [MESSAGE][PASSED] - Text 'test@test.com' is set on object 'Object Repository/Page_Relay  Sign In/input_Email_username'

2018-09-18 12:35:37 - [TEST_STEP][PASSED] - setEncryptedText: Text ****** has been set on object 'Object Repository/Page_Relay  Sign In/input_Password_password'

2018-09-18 12:35:41 - [MESSAGE][PASSED] - Text ****** has been set on object 'Object Repository/Page_Relay  Sign In/input_Password_password'

2018-09-18 12:35:41 - [TEST_STEP][PASSED] - click: Object: 'Object Repository/Page_Relay  Sign In/button_Sign In' is clicked on

2018-09-18 12:35:44 - [MESSAGE][PASSED] - Object: 'Object Repository/Page_Relay  Sign In/button_Sign In' is clicked on]]></system-out>
         <system-err><![CDATA[]]></system-err>
      </testcase>
      <testcase name="Test Cases/MPDX-logout" classname="Test Cases/MPDX-logout" status="PASSED">
         <system-out><![CDATA[2018-09-18 12:35:46 - [TEST_CASE][PASSED] - Test Cases/MPDX-logout: Test Cases/MPDX-logout

2018-09-18 12:35:46 - [TEST_STEP][NOT_RUN] - click: NOT_RUN: click

2018-09-18 12:35:46 - [MESSAGE][NOT_RUN] - NOT_RUN: click

2018-09-18 12:35:46 - [TEST_STEP][PASSED] - click: Object: 'Object Repository/Page_MPDX  Dashboard/a_Settings' is clicked on

2018-09-18 12:35:48 - [MESSAGE][PASSED] - Object: 'Object Repository/Page_MPDX  Dashboard/a_Settings' is clicked on

2018-09-18 12:35:48 - [TEST_STEP][PASSED] - waitForElementVisible: Object 'Object Repository/Page_MPDX  Dashboard/a_Log out' is visible

2018-09-18 12:35:50 - [MESSAGE][PASSED] - Object 'Object Repository/Page_MPDX  Dashboard/a_Log out' is visible

2018-09-18 12:35:50 - [TEST_STEP][PASSED] - click: Object: 'Object Repository/Page_MPDX  Dashboard/a_Log out' is clicked on

2018-09-18 12:35:53 - [MESSAGE][PASSED] - Object: 'Object Repository/Page_MPDX  Dashboard/a_Log out' is clicked on

2018-09-18 12:35:53 - [TEST_STEP][PASSED] - waitForElementVisible: Object 'Object Repository/Page_MPDX  Login/a_Log into Relay' is visible

2018-09-18 12:35:55 - [MESSAGE][PASSED] - Object 'Object Repository/Page_MPDX  Login/a_Log into Relay' is visible

2018-09-18 12:35:55 - [TEST_STEP][PASSED] - closeBrowser: Browser is closed

2018-09-18 12:35:56 - [MESSAGE][PASSED] - Browser is closed]]></system-out>
         <system-err><![CDATA[]]></system-err>
      </testcase>
      <system-out><![CDATA[2018-09-18 12:35:22 - [TEST_SUITE][PASSED] - MPDx Full Test: Test Cases/MPDX-logout]]></system-out>
      <system-err><![CDATA[]]></system-err>
   </testsuite>
</testsuites>
