<?xml version="1.0" encoding="UTF-8"?>
<testsuites name="MPDx Full Test" time="69" tests="3" failures="0" errors="0">
   <testsuite name="MPDx Full Test" tests="3" failures="0" errors="0" time="69" timestamp="2018-09-17 12:08:57" hostname="bob.buford - 10.12.70.3" id="Test Suites/MPDx Full Test">
      <properties>
         <property name="deviceName" value=""/>
         <property name="devicePlatform" value=""/>
         <property name="logFolder" value="/Users/bob.buford/Data/mpdx/mpdxqa/mpdx-webui/Reports/MPDx Full Test/20180917_120855"/>
         <property name="logFiles" value="/Users/bob.buford/Data/mpdx/mpdxqa/mpdx-webui/Reports/MPDx Full Test/20180917_120855/execution0.log"/>
         <property name="attachments" value=""/>
         <property name="hostName" value="bob.buford - 10.12.70.3"/>
         <property name="os" value="Mac OS X 64bit"/>
         <property name="katalonVersion" value="5.7.1.1"/>
         <property name="browser" value="Chrome 69.0.3497.92"/>
         <property name="hostAddress" value="10.12.70.3"/>
         <property name="sessionId" value="665cfe3e10895de8b2c925fe2dd20a56"/>
         <property name="seleniumVersion" value="3.7.1"/>
         <property name="proxyInformation" value="ProxyInformation{proxyOption=NO_PROXY, proxyServerType=HTTP, password=, proxyServerAddress=, proxyServerPort=0}"/>
         <property name="platform" value="Mac OS X"/>
      </properties>
      <testcase name="Test Cases/MPDX-login" classname="Test Cases/MPDX-login" status="PASSED">
         <system-out><![CDATA[2018-09-17 12:08:57 - [TEST_CASE][PASSED] - Test Cases/MPDX-login: Test Cases/MPDX-login

2018-09-17 12:08:58 - [TEST_STEP][PASSED] - openBrowser: Browser is opened with url: ''

2018-09-17 12:09:02 - [MESSAGE][PASSED] - Browser is opened with url: ''

2018-09-17 12:09:02 - [TEST_STEP][PASSED] - navigateToUrl: Navigate to 'https://stage.mpdx.org/' successfully

2018-09-17 12:09:05 - [MESSAGE][PASSED] - Navigate to 'https://stage.mpdx.org/' successfully

2018-09-17 12:09:05 - [TEST_STEP][PASSED] - click: Object: 'Object Repository/Page_MPDX  Login/a_Log into Relay' is clicked on

2018-09-17 12:09:07 - [MESSAGE][PASSED] - Object: 'Object Repository/Page_MPDX  Login/a_Log into Relay' is clicked on

2018-09-17 12:09:07 - [TEST_STEP][PASSED] - setText: Text 'test@test.com' is set on object 'Object Repository/Page_Relay  Sign In/input_Email_username'

2018-09-17 12:09:11 - [MESSAGE][PASSED] - Text 'test@test.com' is set on object 'Object Repository/Page_Relay  Sign In/input_Email_username'

2018-09-17 12:09:11 - [TEST_STEP][PASSED] - setEncryptedText: Text ****** has been set on object 'Object Repository/Page_Relay  Sign In/input_Password_password'

2018-09-17 12:09:15 - [MESSAGE][PASSED] - Text ****** has been set on object 'Object Repository/Page_Relay  Sign In/input_Password_password'

2018-09-17 12:09:15 - [TEST_STEP][PASSED] - click: Object: 'Object Repository/Page_Relay  Sign In/button_Sign In' is clicked on

2018-09-17 12:09:18 - [MESSAGE][PASSED] - Object: 'Object Repository/Page_Relay  Sign In/button_Sign In' is clicked on]]></system-out>
         <system-err><![CDATA[]]></system-err>
      </testcase>
      <testcase name="Test Cases/MPDX-topmenus" classname="Test Cases/MPDX-topmenus" status="PASSED">
         <system-out><![CDATA[2018-09-17 12:09:21 - [TEST_CASE][PASSED] - Test Cases/MPDX-topmenus: Test Cases/MPDX-topmenus

2018-09-17 12:09:21 - [TEST_STEP][PASSED] - waitForAngularLoad: Angular is ready.

2018-09-17 12:09:24 - [MESSAGE][PASSED] - Angular is ready.

2018-09-17 12:09:24 - [TEST_STEP][PASSED] - click: Object: 'Object Repository/Page_MPDX  Dashboard/a_Contacts' is clicked on

2018-09-17 12:09:26 - [MESSAGE][PASSED] - Object: 'Object Repository/Page_MPDX  Dashboard/a_Contacts' is clicked on

2018-09-17 12:09:26 - [TEST_STEP][PASSED] - waitForAngularLoad: Angular is ready.

2018-09-17 12:09:28 - [MESSAGE][PASSED] - Angular is ready.

2018-09-17 12:09:28 - [TEST_STEP][PASSED] - click: Object: 'Object Repository/Page_MPDX  Dashboard/a_Tasks' is clicked on

2018-09-17 12:09:30 - [MESSAGE][PASSED] - Object: 'Object Repository/Page_MPDX  Dashboard/a_Tasks' is clicked on

2018-09-17 12:09:30 - [TEST_STEP][PASSED] - waitForAngularLoad: Angular is ready.

2018-09-17 12:09:33 - [MESSAGE][PASSED] - Angular is ready.

2018-09-17 12:09:33 - [TEST_STEP][PASSED] - click: Object: 'Object Repository/Page_MPDX  Dashboard/a_Reports' is clicked on

2018-09-17 12:09:35 - [MESSAGE][PASSED] - Object: 'Object Repository/Page_MPDX  Dashboard/a_Reports' is clicked on

2018-09-17 12:09:35 - [TEST_STEP][PASSED] - waitForAngularLoad: Angular is ready.

2018-09-17 12:09:37 - [MESSAGE][PASSED] - Angular is ready.

2018-09-17 12:09:37 - [TEST_STEP][PASSED] - click: Object: 'Object Repository/Page_MPDX  Dashboard/a_Tools' is clicked on

2018-09-17 12:09:39 - [MESSAGE][PASSED] - Object: 'Object Repository/Page_MPDX  Dashboard/a_Tools' is clicked on

2018-09-17 12:09:39 - [TEST_STEP][PASSED] - waitForAngularLoad: Angular is ready.

2018-09-17 12:09:41 - [MESSAGE][PASSED] - Angular is ready.

2018-09-17 12:09:41 - [TEST_STEP][PASSED] - click: Object: 'Object Repository/Page_MPDX  Dashboard/a_Coaching' is clicked on

2018-09-17 12:09:43 - [MESSAGE][PASSED] - Object: 'Object Repository/Page_MPDX  Dashboard/a_Coaching' is clicked on

2018-09-17 12:09:43 - [TEST_STEP][PASSED] - waitForAngularLoad: Angular is ready.

2018-09-17 12:09:45 - [MESSAGE][PASSED] - Angular is ready.

2018-09-17 12:09:45 - [TEST_STEP][PASSED] - click: Object: 'Object Repository/Page_MPDX  Dashboard/a_Help' is clicked on

2018-09-17 12:09:47 - [MESSAGE][PASSED] - Object: 'Object Repository/Page_MPDX  Dashboard/a_Help' is clicked on

2018-09-17 12:09:47 - [TEST_STEP][PASSED] - waitForAngularLoad: Angular is ready.

2018-09-17 12:09:49 - [MESSAGE][PASSED] - Angular is ready.

2018-09-17 12:09:49 - [TEST_STEP][PASSED] - click: Object: 'Object Repository/Page_MPDX  Dashboard/a_Help' is clicked on

2018-09-17 12:09:51 - [MESSAGE][PASSED] - Object: 'Object Repository/Page_MPDX  Dashboard/a_Help' is clicked on]]></system-out>
         <system-err><![CDATA[]]></system-err>
      </testcase>
      <testcase name="Test Cases/MPDX-logout" classname="Test Cases/MPDX-logout" status="PASSED">
         <system-out><![CDATA[2018-09-17 12:09:54 - [TEST_CASE][PASSED] - Test Cases/MPDX-logout: Test Cases/MPDX-logout

2018-09-17 12:09:54 - [TEST_STEP][NOT_RUN] - click: NOT_RUN: click

2018-09-17 12:09:54 - [MESSAGE][NOT_RUN] - NOT_RUN: click

2018-09-17 12:09:54 - [TEST_STEP][PASSED] - click: Object: 'Object Repository/Page_MPDX  Dashboard/a_Settings' is clicked on

2018-09-17 12:09:56 - [MESSAGE][PASSED] - Object: 'Object Repository/Page_MPDX  Dashboard/a_Settings' is clicked on

2018-09-17 12:09:56 - [TEST_STEP][PASSED] - waitForElementVisible: Object 'Object Repository/Page_MPDX  Dashboard/a_Log out' is visible

2018-09-17 12:09:58 - [MESSAGE][PASSED] - Object 'Object Repository/Page_MPDX  Dashboard/a_Log out' is visible

2018-09-17 12:09:58 - [TEST_STEP][PASSED] - click: Object: 'Object Repository/Page_MPDX  Dashboard/a_Log out' is clicked on

2018-09-17 12:10:01 - [MESSAGE][PASSED] - Object: 'Object Repository/Page_MPDX  Dashboard/a_Log out' is clicked on

2018-09-17 12:10:01 - [TEST_STEP][PASSED] - waitForElementVisible: Object 'Object Repository/Page_MPDX  Login/a_Log into Relay' is visible

2018-09-17 12:10:03 - [MESSAGE][PASSED] - Object 'Object Repository/Page_MPDX  Login/a_Log into Relay' is visible

2018-09-17 12:10:03 - [TEST_STEP][PASSED] - closeBrowser: Browser is closed

2018-09-17 12:10:04 - [MESSAGE][PASSED] - Browser is closed]]></system-out>
         <system-err><![CDATA[]]></system-err>
      </testcase>
      <system-out><![CDATA[2018-09-17 12:08:57 - [TEST_SUITE][PASSED] - MPDx Full Test: Test Cases/MPDX-logout]]></system-out>
      <system-err><![CDATA[]]></system-err>
   </testsuite>
</testsuites>
