<?xml version="1.0" encoding="UTF-8"?>
<testsuites name="MPDX In-n-out" time="41" tests="2" failures="0" errors="0">
   <testsuite name="MPDX In-n-out" tests="2" failures="0" errors="0" time="41" timestamp="2018-10-17 15:50:05" hostname="bob.buford - 10.12.70.3" id="Test Suites/MPDX In-n-out">
      <properties>
         <property name="deviceName" value=""/>
         <property name="devicePlatform" value=""/>
         <property name="logFolder" value="/Users/bob.buford/Data/mpdx/mpdx-qa/mpdx-webui/Reports/MPDX In-n-out/20181017_155004"/>
         <property name="logFiles" value="/Users/bob.buford/Data/mpdx/mpdx-qa/mpdx-webui/Reports/MPDX In-n-out/20181017_155004/execution0.log"/>
         <property name="attachments" value=""/>
         <property name="hostName" value="bob.buford - 10.12.70.3"/>
         <property name="os" value="Mac OS X 64bit"/>
         <property name="katalonVersion" value="5.8.0.1"/>
         <property name="browser" value="Chrome 69.0.3497.100"/>
         <property name="hostAddress" value="10.12.70.3"/>
         <property name="sessionId" value="2ff765f6192f34fb90c207b439a9df32"/>
         <property name="seleniumVersion" value="3.7.1"/>
         <property name="proxyInformation" value="ProxyInformation{proxyOption=NO_PROXY, proxyServerType=HTTP, password=, proxyServerAddress=, proxyServerPort=0}"/>
         <property name="platform" value="Mac OS X"/>
      </properties>
      <testcase name="Test Cases/MPDX-login" classname="Test Cases/MPDX-login" status="PASSED">
         <system-out><![CDATA[2018-10-17 15:50:05 - [TEST_CASE][PASSED] - Test Cases/MPDX-login: Test Cases/MPDX-login

2018-10-17 15:50:06 - [TEST_STEP][PASSED] - openBrowser: Browser is opened with url: ''

2018-10-17 15:50:10 - [MESSAGE][PASSED] - Browser is opened with url: ''

2018-10-17 15:50:10 - [TEST_STEP][PASSED] - navigateToUrl: Navigate to 'https://stage.mpdx.org/' successfully

2018-10-17 15:50:13 - [MESSAGE][PASSED] - Navigate to 'https://stage.mpdx.org/' successfully

2018-10-17 15:50:13 - [TEST_STEP][PASSED] - click: Object: 'Object Repository/Page_MPDX  Login/a_Log into Relay' is clicked on

2018-10-17 15:50:15 - [MESSAGE][PASSED] - Object: 'Object Repository/Page_MPDX  Login/a_Log into Relay' is clicked on

2018-10-17 15:50:15 - [TEST_STEP][PASSED] - setText: Text 'test@test.com' is set on object 'Object Repository/Page_Relay  Sign In/input_Email_username'

2018-10-17 15:50:25 - [MESSAGE][PASSED] - Text 'test@test.com' is set on object 'Object Repository/Page_Relay  Sign In/input_Email_username'

2018-10-17 15:50:25 - [TEST_STEP][PASSED] - setEncryptedText: Text ****** has been set on object 'Object Repository/Page_Relay  Sign In/input_Password_password'

2018-10-17 15:50:28 - [MESSAGE][PASSED] - Text ****** has been set on object 'Object Repository/Page_Relay  Sign In/input_Password_password'

2018-10-17 15:50:28 - [TEST_STEP][PASSED] - click: Object: 'Object Repository/Page_Relay  Sign In/button_Sign In' is clicked on

2018-10-17 15:50:32 - [MESSAGE][PASSED] - Object: 'Object Repository/Page_Relay  Sign In/button_Sign In' is clicked on]]></system-out>
         <system-err><![CDATA[]]></system-err>
      </testcase>
      <testcase name="Test Cases/MPDX-logout" classname="Test Cases/MPDX-logout" status="PASSED">
         <system-out><![CDATA[2018-10-17 15:50:34 - [TEST_CASE][PASSED] - Test Cases/MPDX-logout: Test Cases/MPDX-logout

2018-10-17 15:50:34 - [TEST_STEP][NOT_RUN] - click: NOT_RUN: click

2018-10-17 15:50:34 - [MESSAGE][NOT_RUN] - NOT_RUN: click

2018-10-17 15:50:34 - [TEST_STEP][PASSED] - click: Object: 'Object Repository/Page_MPDX  Dashboard/a_Settings' is clicked on

2018-10-17 15:50:36 - [MESSAGE][PASSED] - Object: 'Object Repository/Page_MPDX  Dashboard/a_Settings' is clicked on

2018-10-17 15:50:36 - [TEST_STEP][PASSED] - waitForElementVisible: Object 'Object Repository/Page_MPDX  Dashboard/a_Log out' is visible

2018-10-17 15:50:39 - [MESSAGE][PASSED] - Object 'Object Repository/Page_MPDX  Dashboard/a_Log out' is visible

2018-10-17 15:50:39 - [TEST_STEP][PASSED] - click: Object: 'Object Repository/Page_MPDX  Dashboard/a_Log out' is clicked on

2018-10-17 15:50:41 - [MESSAGE][PASSED] - Object: 'Object Repository/Page_MPDX  Dashboard/a_Log out' is clicked on

2018-10-17 15:50:41 - [TEST_STEP][PASSED] - waitForElementVisible: Object 'Object Repository/Page_MPDX  Login/a_Log into Relay' is visible

2018-10-17 15:50:43 - [MESSAGE][PASSED] - Object 'Object Repository/Page_MPDX  Login/a_Log into Relay' is visible

2018-10-17 15:50:43 - [TEST_STEP][PASSED] - closeBrowser: Browser is closed

2018-10-17 15:50:44 - [MESSAGE][PASSED] - Browser is closed]]></system-out>
         <system-err><![CDATA[]]></system-err>
      </testcase>
      <system-out><![CDATA[2018-10-17 15:50:05 - [TEST_SUITE][PASSED] - MPDX In-n-out: Test Cases/MPDX-logout]]></system-out>
      <system-err><![CDATA[]]></system-err>
   </testsuite>
</testsuites>
